<?xml version="1.0" encoding="UTF-8"?>
<!-- Generated by org.testng.reporters.JUnitReportReporter -->
<testsuite hostname="LAPTOP-Soufien" failures="0" tests="1" name="testCases.ExecuteTestZaleniumFirefox1" time="49.068" errors="0" timestamp="2024-05-27T18:21:49 GMT+01:00" skipped="0">
  <testcase classname="testCases.ExecuteTestZaleniumFirefox1" name="test1" time="49.068"/>
  <system-out/>
</testsuite> <!-- testCases.ExecuteTestZaleniumFirefox1 -->
