<?xml version="1.0" encoding="UTF-8"?>
<!-- Generated by org.testng.reporters.JUnitReportReporter -->
<testsuite hostname="LAPTOP-Soufien" failures="0" tests="1" name="testCases.ExecuteTestZaleniumFirefox2" time="52.207" errors="0" timestamp="2024-05-27T18:21:49 GMT+01:00" skipped="0">
  <testcase classname="testCases.ExecuteTestZaleniumFirefox2" name="test2" time="52.207"/>
  <system-out/>
</testsuite> <!-- testCases.ExecuteTestZaleniumFirefox2 -->
